<?xml version="1.0" encoding="UTF-8"?>
<!-- Generated by org.testng.reporters.JUnitXMLReporter -->
<testsuite ignored="0" hostname="DESKTOP-AR0DV53" failures="0" tests="3" name="Test" time="46.781" errors="0" timestamp="2022-10-28T14:53:20 IST">
  <testcase classname="test.FcbookLoginTest" name="add" time="0.01"/>
  <testcase classname="test.FcbookLoginTest" name="loginTest" time="11.346"/>
  <testcase classname="test.FcbookLoginTest" name="loginForgotPassTest" time="5.34"/>
</testsuite> <!-- Test -->
